Added Component: Designator=C1(Conector_2x)
Added Component: Designator=C2(Conector_3x)
Added Component: Designator=D1(DO-35)
Added Component: Designator=D2(DO-35)
Added Component: Designator=D3(DO-35)
Added Component: Designator=D4(DO-35)
Added Component: Designator=D5(DO-35)
Added Component: Designator=K_ALIM(HDR1X4)
Added Component: Designator=K_LFT_DWN(HDR1X3)
Added Component: Designator=K_R_DWN(HDR1X4)
Added Component: Designator=K_R_UP(HDR1X3)
Added Component: Designator=K_SOP1a(HDR1X16)
Added Component: Designator=K_SOP1b(HDR1X16)
Added Component: Designator=K_SOP2a(HDR1X16)
Added Component: Designator=K_SOP2b(HDR1X16)
Added Component: Designator=K_SOP3(HDR1X16)
Added Component: Designator=LDR(HDR1X6)
Added Component: Designator=PH_COM(HDR1X3)
Added Component: Designator=PH_FOOD(HDR1X3)
Added Component: Designator=PH_M(HDR1X2)
Added Component: Designator=PH_SOP1(HDR1X16)
Added Component: Designator=PH_SOP2(HDR1X16)
Added Component: Designator=PH_SOP(HDR1X9)
Added Component: Designator=R1(AXIAL-0.3)
Added Component: Designator=R2(AXIAL-0.3)
Added Component: Designator=SERVO(HDR1X3)
Added Component: Designator=VEL(HDR1X2)
Added Pin To Net: NetName=3V3 Pin=K_ALIM-1
Added Pin To Net: NetName=3V3 Pin=K_ALIM-2
Added Pin To Net: NetName=3V3 Pin=LDR-6
Added Pin To Net: NetName=3V3 Pin=SERVO-2
Added Net: Name=3V3
Added Pin To Net: NetName=5V Pin=C2-2
Added Pin To Net: NetName=5V Pin=PH_FOOD-3
Added Net: Name=5V
Added Pin To Net: NetName=12V Pin=C2-1
Added Pin To Net: NetName=12V Pin=PH_FOOD-1
Added Net: Name=12V
Added Pin To Net: NetName=ENABLE Pin=K_R_DWN-4
Added Pin To Net: NetName=ENABLE Pin=PH_COM-1
Added Net: Name=ENABLE
Added Pin To Net: NetName=GND Pin=C2-C
Added Pin To Net: NetName=GND Pin=D1-1
Added Pin To Net: NetName=GND Pin=D3-1
Added Pin To Net: NetName=GND Pin=K_ALIM-3
Added Pin To Net: NetName=GND Pin=K_ALIM-4
Added Pin To Net: NetName=GND Pin=LDR-1
Added Pin To Net: NetName=GND Pin=PH_FOOD-2
Added Pin To Net: NetName=GND Pin=R1-1
Added Pin To Net: NetName=GND Pin=R2-1
Added Pin To Net: NetName=GND Pin=SERVO-3
Added Net: Name=GND
Added Pin To Net: NetName=IN1 Pin=K_R_DWN-2
Added Pin To Net: NetName=IN1 Pin=PH_COM-2
Added Net: Name=IN1
Added Pin To Net: NetName=IN2 Pin=K_R_DWN-1
Added Pin To Net: NetName=IN2 Pin=PH_COM-3
Added Net: Name=IN2
Added Pin To Net: NetName=LDR0 Pin=K_R_UP-2
Added Pin To Net: NetName=LDR0 Pin=LDR-5
Added Net: Name=LDR0
Added Pin To Net: NetName=LDR1 Pin=K_LFT_DWN-2
Added Pin To Net: NetName=LDR1 Pin=LDR-4
Added Net: Name=LDR1
Added Pin To Net: NetName=LDR2 Pin=K_LFT_DWN-3
Added Pin To Net: NetName=LDR2 Pin=LDR-3
Added Net: Name=LDR2
Added Pin To Net: NetName=LDR3 Pin=K_R_UP-1
Added Pin To Net: NetName=LDR3 Pin=LDR-2
Added Net: Name=LDR3
Added Pin To Net: NetName=M1 Pin=C1-1
Added Pin To Net: NetName=M1 Pin=PH_M-1
Added Net: Name=M1
Added Pin To Net: NetName=M2 Pin=C1-2
Added Pin To Net: NetName=M2 Pin=PH_M-2
Added Net: Name=M2
Added Pin To Net: NetName=NetK_SOP1a_1 Pin=K_SOP1a-1
Added Pin To Net: NetName=NetK_SOP1a_1 Pin=K_SOP1a-2
Added Pin To Net: NetName=NetK_SOP1a_1 Pin=K_SOP1a-3
Added Pin To Net: NetName=NetK_SOP1a_1 Pin=K_SOP1a-4
Added Pin To Net: NetName=NetK_SOP1a_1 Pin=K_SOP1a-5
Added Pin To Net: NetName=NetK_SOP1a_1 Pin=K_SOP1a-6
Added Pin To Net: NetName=NetK_SOP1a_1 Pin=K_SOP1a-7
Added Pin To Net: NetName=NetK_SOP1a_1 Pin=K_SOP1a-8
Added Pin To Net: NetName=NetK_SOP1a_1 Pin=K_SOP1a-9
Added Pin To Net: NetName=NetK_SOP1a_1 Pin=K_SOP1a-10
Added Pin To Net: NetName=NetK_SOP1a_1 Pin=K_SOP1a-11
Added Pin To Net: NetName=NetK_SOP1a_1 Pin=K_SOP1a-12
Added Pin To Net: NetName=NetK_SOP1a_1 Pin=K_SOP1a-13
Added Pin To Net: NetName=NetK_SOP1a_1 Pin=K_SOP1a-14
Added Pin To Net: NetName=NetK_SOP1a_1 Pin=K_SOP1a-15
Added Pin To Net: NetName=NetK_SOP1a_1 Pin=K_SOP1a-16
Added Pin To Net: NetName=NetK_SOP1a_1 Pin=K_SOP1b-1
Added Pin To Net: NetName=NetK_SOP1a_1 Pin=K_SOP1b-2
Added Pin To Net: NetName=NetK_SOP1a_1 Pin=K_SOP1b-3
Added Pin To Net: NetName=NetK_SOP1a_1 Pin=K_SOP1b-4
Added Pin To Net: NetName=NetK_SOP1a_1 Pin=K_SOP1b-5
Added Pin To Net: NetName=NetK_SOP1a_1 Pin=K_SOP1b-6
Added Pin To Net: NetName=NetK_SOP1a_1 Pin=K_SOP1b-7
Added Pin To Net: NetName=NetK_SOP1a_1 Pin=K_SOP1b-8
Added Pin To Net: NetName=NetK_SOP1a_1 Pin=K_SOP1b-9
Added Pin To Net: NetName=NetK_SOP1a_1 Pin=K_SOP1b-10
Added Pin To Net: NetName=NetK_SOP1a_1 Pin=K_SOP1b-11
Added Pin To Net: NetName=NetK_SOP1a_1 Pin=K_SOP1b-12
Added Pin To Net: NetName=NetK_SOP1a_1 Pin=K_SOP1b-13
Added Pin To Net: NetName=NetK_SOP1a_1 Pin=K_SOP1b-14
Added Pin To Net: NetName=NetK_SOP1a_1 Pin=K_SOP1b-15
Added Pin To Net: NetName=NetK_SOP1a_1 Pin=K_SOP1b-16
Added Net: Name=NetK_SOP1a_1
Added Pin To Net: NetName=NetK_SOP2a_1 Pin=K_SOP2a-1
Added Pin To Net: NetName=NetK_SOP2a_1 Pin=K_SOP2a-2
Added Pin To Net: NetName=NetK_SOP2a_1 Pin=K_SOP2a-3
Added Pin To Net: NetName=NetK_SOP2a_1 Pin=K_SOP2a-4
Added Pin To Net: NetName=NetK_SOP2a_1 Pin=K_SOP2a-5
Added Pin To Net: NetName=NetK_SOP2a_1 Pin=K_SOP2a-6
Added Pin To Net: NetName=NetK_SOP2a_1 Pin=K_SOP2a-7
Added Pin To Net: NetName=NetK_SOP2a_1 Pin=K_SOP2a-8
Added Pin To Net: NetName=NetK_SOP2a_1 Pin=K_SOP2a-9
Added Pin To Net: NetName=NetK_SOP2a_1 Pin=K_SOP2a-10
Added Pin To Net: NetName=NetK_SOP2a_1 Pin=K_SOP2a-11
Added Pin To Net: NetName=NetK_SOP2a_1 Pin=K_SOP2a-12
Added Pin To Net: NetName=NetK_SOP2a_1 Pin=K_SOP2a-13
Added Pin To Net: NetName=NetK_SOP2a_1 Pin=K_SOP2a-14
Added Pin To Net: NetName=NetK_SOP2a_1 Pin=K_SOP2a-15
Added Pin To Net: NetName=NetK_SOP2a_1 Pin=K_SOP2a-16
Added Pin To Net: NetName=NetK_SOP2a_1 Pin=K_SOP2b-1
Added Pin To Net: NetName=NetK_SOP2a_1 Pin=K_SOP2b-2
Added Pin To Net: NetName=NetK_SOP2a_1 Pin=K_SOP2b-3
Added Pin To Net: NetName=NetK_SOP2a_1 Pin=K_SOP2b-4
Added Pin To Net: NetName=NetK_SOP2a_1 Pin=K_SOP2b-5
Added Pin To Net: NetName=NetK_SOP2a_1 Pin=K_SOP2b-6
Added Pin To Net: NetName=NetK_SOP2a_1 Pin=K_SOP2b-7
Added Pin To Net: NetName=NetK_SOP2a_1 Pin=K_SOP2b-8
Added Pin To Net: NetName=NetK_SOP2a_1 Pin=K_SOP2b-9
Added Pin To Net: NetName=NetK_SOP2a_1 Pin=K_SOP2b-10
Added Pin To Net: NetName=NetK_SOP2a_1 Pin=K_SOP2b-11
Added Pin To Net: NetName=NetK_SOP2a_1 Pin=K_SOP2b-12
Added Pin To Net: NetName=NetK_SOP2a_1 Pin=K_SOP2b-13
Added Pin To Net: NetName=NetK_SOP2a_1 Pin=K_SOP2b-14
Added Pin To Net: NetName=NetK_SOP2a_1 Pin=K_SOP2b-15
Added Pin To Net: NetName=NetK_SOP2a_1 Pin=K_SOP2b-16
Added Net: Name=NetK_SOP2a_1
Added Pin To Net: NetName=NetK_SOP3_1 Pin=K_SOP3-1
Added Pin To Net: NetName=NetK_SOP3_1 Pin=K_SOP3-2
Added Pin To Net: NetName=NetK_SOP3_1 Pin=K_SOP3-3
Added Pin To Net: NetName=NetK_SOP3_1 Pin=K_SOP3-4
Added Pin To Net: NetName=NetK_SOP3_1 Pin=K_SOP3-5
Added Pin To Net: NetName=NetK_SOP3_1 Pin=K_SOP3-6
Added Pin To Net: NetName=NetK_SOP3_1 Pin=K_SOP3-7
Added Pin To Net: NetName=NetK_SOP3_1 Pin=K_SOP3-8
Added Pin To Net: NetName=NetK_SOP3_1 Pin=K_SOP3-9
Added Pin To Net: NetName=NetK_SOP3_1 Pin=K_SOP3-10
Added Pin To Net: NetName=NetK_SOP3_1 Pin=K_SOP3-11
Added Pin To Net: NetName=NetK_SOP3_1 Pin=K_SOP3-12
Added Pin To Net: NetName=NetK_SOP3_1 Pin=K_SOP3-13
Added Pin To Net: NetName=NetK_SOP3_1 Pin=K_SOP3-14
Added Pin To Net: NetName=NetK_SOP3_1 Pin=K_SOP3-15
Added Pin To Net: NetName=NetK_SOP3_1 Pin=K_SOP3-16
Added Net: Name=NetK_SOP3_1
Added Pin To Net: NetName=NetPH_SOP1_1 Pin=PH_SOP1-1
Added Pin To Net: NetName=NetPH_SOP1_1 Pin=PH_SOP1-2
Added Pin To Net: NetName=NetPH_SOP1_1 Pin=PH_SOP1-3
Added Pin To Net: NetName=NetPH_SOP1_1 Pin=PH_SOP1-4
Added Pin To Net: NetName=NetPH_SOP1_1 Pin=PH_SOP1-5
Added Pin To Net: NetName=NetPH_SOP1_1 Pin=PH_SOP1-6
Added Pin To Net: NetName=NetPH_SOP1_1 Pin=PH_SOP1-7
Added Pin To Net: NetName=NetPH_SOP1_1 Pin=PH_SOP1-8
Added Pin To Net: NetName=NetPH_SOP1_1 Pin=PH_SOP1-9
Added Pin To Net: NetName=NetPH_SOP1_1 Pin=PH_SOP1-10
Added Pin To Net: NetName=NetPH_SOP1_1 Pin=PH_SOP1-11
Added Pin To Net: NetName=NetPH_SOP1_1 Pin=PH_SOP1-12
Added Pin To Net: NetName=NetPH_SOP1_1 Pin=PH_SOP1-13
Added Pin To Net: NetName=NetPH_SOP1_1 Pin=PH_SOP1-14
Added Pin To Net: NetName=NetPH_SOP1_1 Pin=PH_SOP1-15
Added Pin To Net: NetName=NetPH_SOP1_1 Pin=PH_SOP1-16
Added Net: Name=NetPH_SOP1_1
Added Pin To Net: NetName=NetPH_SOP2_1 Pin=PH_SOP2-1
Added Pin To Net: NetName=NetPH_SOP2_1 Pin=PH_SOP2-2
Added Pin To Net: NetName=NetPH_SOP2_1 Pin=PH_SOP2-3
Added Pin To Net: NetName=NetPH_SOP2_1 Pin=PH_SOP2-4
Added Pin To Net: NetName=NetPH_SOP2_1 Pin=PH_SOP2-5
Added Pin To Net: NetName=NetPH_SOP2_1 Pin=PH_SOP2-6
Added Pin To Net: NetName=NetPH_SOP2_1 Pin=PH_SOP2-7
Added Pin To Net: NetName=NetPH_SOP2_1 Pin=PH_SOP2-8
Added Pin To Net: NetName=NetPH_SOP2_1 Pin=PH_SOP2-9
Added Pin To Net: NetName=NetPH_SOP2_1 Pin=PH_SOP2-10
Added Pin To Net: NetName=NetPH_SOP2_1 Pin=PH_SOP2-11
Added Pin To Net: NetName=NetPH_SOP2_1 Pin=PH_SOP2-12
Added Pin To Net: NetName=NetPH_SOP2_1 Pin=PH_SOP2-13
Added Pin To Net: NetName=NetPH_SOP2_1 Pin=PH_SOP2-14
Added Pin To Net: NetName=NetPH_SOP2_1 Pin=PH_SOP2-15
Added Pin To Net: NetName=NetPH_SOP2_1 Pin=PH_SOP2-16
Added Net: Name=NetPH_SOP2_1
Added Pin To Net: NetName=NetPH_SOP_1 Pin=PH_SOP-1
Added Pin To Net: NetName=NetPH_SOP_1 Pin=PH_SOP-2
Added Pin To Net: NetName=NetPH_SOP_1 Pin=PH_SOP-3
Added Pin To Net: NetName=NetPH_SOP_1 Pin=PH_SOP-4
Added Pin To Net: NetName=NetPH_SOP_1 Pin=PH_SOP-5
Added Pin To Net: NetName=NetPH_SOP_1 Pin=PH_SOP-6
Added Pin To Net: NetName=NetPH_SOP_1 Pin=PH_SOP-7
Added Pin To Net: NetName=NetPH_SOP_1 Pin=PH_SOP-8
Added Pin To Net: NetName=NetPH_SOP_1 Pin=PH_SOP-9
Added Net: Name=NetPH_SOP_1
Added Pin To Net: NetName=SERVOPWM Pin=K_R_DWN-3
Added Pin To Net: NetName=SERVOPWM Pin=SERVO-1
Added Net: Name=SERVOPWM
Added Pin To Net: NetName=VNEG_OUT Pin=D4-2
Added Pin To Net: NetName=VNEG_OUT Pin=D5-2
Added Pin To Net: NetName=VNEG_OUT Pin=K_LFT_DWN-1
Added Pin To Net: NetName=VNEG_OUT Pin=R2-2
Added Net: Name=VNEG_OUT
Added Pin To Net: NetName=VNEG Pin=D3-2
Added Pin To Net: NetName=VNEG Pin=D5-1
Added Pin To Net: NetName=VNEG Pin=VEL-1
Added Net: Name=VNEG
Added Pin To Net: NetName=VPOS_OUT Pin=D2-2
Added Pin To Net: NetName=VPOS_OUT Pin=K_R_UP-3
Added Pin To Net: NetName=VPOS_OUT Pin=R1-2
Added Net: Name=VPOS_OUT
Added Pin To Net: NetName=VPOS Pin=D1-2
Added Pin To Net: NetName=VPOS Pin=D2-1
Added Pin To Net: NetName=VPOS Pin=D4-1
Added Pin To Net: NetName=VPOS Pin=VEL-2
Added Net: Name=VPOS
Added Class: Name=Sheet1
Added Room: Name=Sheet1
